[35m[Appium][39m Welcome to Appium v1.15.1
[35m[Appium][39m Non-default server args:
[35m[Appium][39m   port: 60391
[35m[Appium][39m   loglevel: info
[35m[Appium][39m   chromeDriverPort: 60392
[35m[Appium][39m   tmpDir: C:\Users\APPAN\AppData\Local\Temp\\Katalon\Appium\Temp1596375000869
[35m[Appium][39m Appium REST http interface listener started on 0.0.0.0:60391
[35m[HTTP][39m [37m-->[39m [37mGET[39m [37m/wd/hub/status[39m
[35m[HTTP][39m [90m{}[39m
[35m[HTTP][39m [37m<-- GET /wd/hub/status [39m[32m200[39m [90m20 ms - 68[39m
[35m[HTTP][39m [90m[39m
[35m[HTTP][39m [37m-->[39m [37mGET[39m [37m/wd/hub/status[39m
[35m[HTTP][39m [90m{}[39m
[35m[HTTP][39m [37m<-- GET /wd/hub/status [39m[32m200[39m [90m4 ms - 68[39m
[35m[HTTP][39m [90m[39m
[35m[HTTP][39m [37m-->[39m [37mPOST[39m [37m/wd/hub/session[39m
[35m[HTTP][39m [90m{"desiredCapabilities":{"app":"E:\\Softwares\\My PC Apps\\Katalon Studio\\Workspace\\LearnMobileTesting\\androidapp\\APIDemos.apk","noReset":true,"deviceName":"motorola Moto E (4) Plus (Android 7.1.1)","fullReset":false,"platform":"ANDROID","newCommandTimeout":1800,"platformVersion":"7.1.1","automationName":"uiautomator2","autoGrantPermissions":true,"platformName":"Android","udid":"192.168.0.5:5555","systemPort":60408},"capabilities":{"firstMatch":[{"appium:app":"E:\\Softwares\\My PC Apps\\Katalon Studio\\Workspace\\LearnMobileTesting\\androidapp\\APIDemos.apk","appium:autoGrantPermissions":true,"appium:automationName":"uiautomator2","appium:deviceName":"motorola Moto E (4) Plus (Android 7.1.1)","appium:fullReset":false,"appium:newCommandTimeout":1800,"appium:noReset":true,"platform":"ANDROID","platformName":"android","appium:platformVersion":"7.1.1","appium:systemPort":60408,"appium:udid":"192.168.0.5:5555"}]}}[39m
[35m[BaseDriver][39m The capabilities ["platform"] are not standard capabilities and should have an extension prefix
[35m[Appium][39m Appium v1.15.1 creating new AndroidUiautomator2Driver (v1.37.2) session
[35m[BaseDriver][39m The following capabilities were provided, but are not recognized by Appium:
[35m[BaseDriver][39m   platform
[35m[BaseDriver][39m Session created with session id: c9e4d585-3584-42d0-a05c-3dc9c687a963
[35m[BaseDriver][39m Using local app 'E:\Softwares\My PC Apps\Katalon Studio\Workspace\LearnMobileTesting\androidapp\APIDemos.apk'
[35m[ADB][39m Cannot sort build-tools folders ["29.0.3","aapt.exe","aapt2.exe","aarch64-linux-android-ld.exe","aidl.exe","apksigner.bat","arm-linux-androideabi-ld.exe","bcc_compat.exe","core-lambda-stubs.jar","d8.bat","dexdump.exe","dx.bat","i686-linux-android-ld.exe","lib","lib64","libaapt2_jni.dll","libbcc.dll","libbcinfo.dll","libclang_android.dll","libLLVM_android.dll","libwinpthread-1.dll","llvm-rs-cc.exe","mainDexClasses","mainDexClasses.bat","mainDexClasses.rules","mainDexClassesNoAapt.rules","mipsel-linux-android-ld.exe","NOTICE.txt","renderscript","runtime.properties","source.properties","split-select.exe","x86_64-linux-android-ld.exe","zipalign.exe"] by semantic version names.
[35m[ADB][39m Falling back to sorting by modification date. Original error: Invalid Version: aapt.exe
[35m[ADB][39m Found 34 'build-tools' folders under 'C:\Users\APPAN\.katalon\tools\android_sdk' (newest first):
[35m[ADB][39m     C:/Users/APPAN/.katalon/tools/android_sdk/build-tools/29.0.3
[35m[ADB][39m     C:/Users/APPAN/.katalon/tools/android_sdk/build-tools/aapt.exe
[35m[ADB][39m     C:/Users/APPAN/.katalon/tools/android_sdk/build-tools/aapt2.exe
[35m[ADB][39m     C:/Users/APPAN/.katalon/tools/android_sdk/build-tools/aarch64-linux-android-ld.exe
[35m[ADB][39m     C:/Users/APPAN/.katalon/tools/android_sdk/build-tools/aidl.exe
[35m[ADB][39m     C:/Users/APPAN/.katalon/tools/android_sdk/build-tools/apksigner.bat
[35m[ADB][39m     C:/Users/APPAN/.katalon/tools/android_sdk/build-tools/arm-linux-androideabi-ld.exe
[35m[ADB][39m     C:/Users/APPAN/.katalon/tools/android_sdk/build-tools/bcc_compat.exe
[35m[ADB][39m     C:/Users/APPAN/.katalon/tools/android_sdk/build-tools/core-lambda-stubs.jar
[35m[ADB][39m     C:/Users/APPAN/.katalon/tools/android_sdk/build-tools/d8.bat
[35m[ADB][39m     C:/Users/APPAN/.katalon/tools/android_sdk/build-tools/dexdump.exe
[35m[ADB][39m     C:/Users/APPAN/.katalon/tools/android_sdk/build-tools/dx.bat
[35m[ADB][39m     C:/Users/APPAN/.katalon/tools/android_sdk/build-tools/i686-linux-android-ld.exe
[35m[ADB][39m     C:/Users/APPAN/.katalon/tools/android_sdk/build-tools/lib
[35m[ADB][39m     C:/Users/APPAN/.katalon/tools/android_sdk/build-tools/lib64
[35m[ADB][39m     C:/Users/APPAN/.katalon/tools/android_sdk/build-tools/libaapt2_jni.dll
[35m[ADB][39m     C:/Users/APPAN/.katalon/tools/android_sdk/build-tools/libbcc.dll
[35m[ADB][39m     C:/Users/APPAN/.katalon/tools/android_sdk/build-tools/libbcinfo.dll
[35m[ADB][39m     C:/Users/APPAN/.katalon/tools/android_sdk/build-tools/libclang_android.dll
[35m[ADB][39m     C:/Users/APPAN/.katalon/tools/android_sdk/build-tools/libLLVM_android.dll
[35m[ADB][39m     C:/Users/APPAN/.katalon/tools/android_sdk/build-tools/libwinpthread-1.dll
[35m[ADB][39m     C:/Users/APPAN/.katalon/tools/android_sdk/build-tools/llvm-rs-cc.exe
[35m[ADB][39m     C:/Users/APPAN/.katalon/tools/android_sdk/build-tools/mainDexClasses
[35m[ADB][39m     C:/Users/APPAN/.katalon/tools/android_sdk/build-tools/mainDexClasses.bat
[35m[ADB][39m     C:/Users/APPAN/.katalon/tools/android_sdk/build-tools/mainDexClasses.rules
[35m[ADB][39m     C:/Users/APPAN/.katalon/tools/android_sdk/build-tools/mainDexClassesNoAapt.rules
[35m[ADB][39m     C:/Users/APPAN/.katalon/tools/android_sdk/build-tools/mipsel-linux-android-ld.exe
[35m[ADB][39m     C:/Users/APPAN/.katalon/tools/android_sdk/build-tools/NOTICE.txt
[35m[ADB][39m     C:/Users/APPAN/.katalon/tools/android_sdk/build-tools/renderscript
[35m[ADB][39m     C:/Users/APPAN/.katalon/tools/android_sdk/build-tools/runtime.properties
[35m[ADB][39m     C:/Users/APPAN/.katalon/tools/android_sdk/build-tools/source.properties
[35m[ADB][39m     C:/Users/APPAN/.katalon/tools/android_sdk/build-tools/split-select.exe
[35m[ADB][39m     C:/Users/APPAN/.katalon/tools/android_sdk/build-tools/x86_64-linux-android-ld.exe
[35m[ADB][39m     C:/Users/APPAN/.katalon/tools/android_sdk/build-tools/zipalign.exe
[35m[ADB][39m Using 'adb.exe' from 'C:\Users\APPAN\.katalon\tools\android_sdk\platform-tools\adb.exe'
[35m[AndroidDriver][39m Retrieving device list
[35m[AndroidDriver][39m Using device: 192.168.0.5:5555
[35m[ADB][39m Using 'adb.exe' from 'C:\Users\APPAN\.katalon\tools\android_sdk\platform-tools\adb.exe'
[35m[ADB][39m Using the alternative activity name detection method because of: Could not find 'apkanalyzer.bat' in ["C:\\Users\\APPAN\\.katalon\\tools\\android_sdk\\platform-tools\\apkanalyzer.bat","C:\\Users\\APPAN\\.katalon\\tools\\android_sdk\\emulator\\apkanalyzer.bat","C:\\Users\\APPAN\\.katalon\\tools\\android_sdk\\tools\\apkanalyzer.bat","C:\\Users\\APPAN\\.katalon\\tools\\android_sdk\\tools\\bin\\apkanalyzer.bat","C:\\Users\\APPAN\\.katalon\\tools\\android_sdk\\build-tools\\29.0.3\\apkanalyzer.bat","C:\\Users\\APPAN\\.katalon\\tools\\android_sdk\\build-tools\\aapt.exe\\apkanalyzer.bat","C:\\Users\\APPAN\\.katalon\\tools\\android_sdk\\build-tools\\aapt2.exe\\apkanalyzer.bat","C:\\Users\\APPAN\\.katalon\\tools\\android_sdk\\build-tools\\aarch64-linux-android-ld.exe\\apkanalyzer.bat","C:\\Users\\APPAN\\.katalon\\tools\\android_sdk\\build-tools\\aidl.exe\\apkanalyzer.bat","C:\\Users\\APPAN\\.katalon\\tools\\android_sdk\\build-tools\\apksigner.bat\\apkanalyzer.bat","C:\\Users\\APPAN\\.katalon\\tools\\android_sdk\\build-tools\\arm-linux-androideabi-ld.exe\\apkanalyzer.bat","C:\\Users\\APPAN\\.katalon\\tools\\android_sdk\\build-tools\\bcc_compat.exe\\apkanalyzer.bat","C:\\Users\\APPAN\\.katalon\\tools\\android_sdk\\build-tools\\core-lambda-stubs.jar\\apkanalyzer.bat","C:\\Users\\APPAN\\.katalon\\tools\\android_sdk\\build-tools\\d8.bat\\apkanalyzer.bat","C:\\Users\\APPAN\\.katalon\\tools\\android_sdk\\build-tools\\dexdump.exe\\apkanalyzer.bat","C:\\Users\\APPAN\\.katalon\\tools\\android_sdk\\build-tools\\dx.bat\\apkanalyzer.bat","C:\\Users\\APPAN\\.katalon\\tools\\android_sdk\\build-tools\\i686-linux-android-ld.exe\\apkanalyzer.bat","C:\\Users\\APPAN\\.katalon\\tools\\android_sdk\\build-tools\\lib\\apkanalyzer.bat","C:\\Users\\APPAN\\.katalon\\tools\\android_sdk\\build-tools\\lib64\\apkanalyzer.bat","C:\\Users\\APPAN\\.katalon\\tools\\android_sdk\\build-tools\\libaapt2_jni.dll\\apkanalyzer.bat","C:\\Users\\APPAN\\.katalon\\tools\\android_sdk\\build-tools\\libbcc.dll\\apkanalyzer.bat","C:\\Users\\APPAN\\.katalon\\tools\\android_sdk\\build-tools\\libbcinfo.dll\\apkanalyzer.bat","C:\\Users\\APPAN\\.katalon\\tools\\android_sdk\\build-tools\\libclang_android.dll\\apkanalyzer.bat","C:\\Users\\APPAN\\.katalon\\tools\\android_sdk\\build-tools\\libLLVM_android.dll\\apkanalyzer.bat","C:\\Users\\APPAN\\.katalon\\tools\\android_sdk\\build-tools\\libwinpthread-1.dll\\apkanalyzer.bat","C:\\Users\\APPAN\\.katalon\\tools\\android_sdk\\build-tools\\llvm-rs-cc.exe\\apkanalyzer.bat","C:\\Users\\APPAN\\.katalon\\tools\\android_sdk\\build-tools\\mainDexClasses\\apkanalyzer.bat","C:\\Users\\APPAN\\.katalon\\tools\\android_sdk\\build-tools\\mainDexClasses.bat\\apkanalyzer.bat","C:\\Users\\APPAN\\.katalon\\tools\\android_sdk\\build-tools\\mainDexClasses.rules\\apkanalyzer.bat","C:\\Users\\APPAN\\.katalon\\tools\\android_sdk\\build-tools\\mainDexClassesNoAapt.rules\\apkanalyzer.bat","C:\\Users\\APPAN\\.katalon\\tools\\android_sdk\\build-tools\\mipsel-linux-android-ld.exe\\apkanalyzer.bat","C:\\Users\\APPAN\\.katalon\\tools\\android_sdk\\build-tools\\NOTICE.txt\\apkanalyzer.bat","C:\\Users\\APPAN\\.katalon\\tools\\android_sdk\\build-tools\\renderscript\\apkanalyzer.bat","C:\\Users\\APPAN\\.katalon\\tools\\android_sdk\\build-tools\\runtime.properties\\apkanalyzer.bat","C:\\Users\\APPAN\\.katalon\\tools\\android_sdk\\build-tools\\source.properties\\apkanalyzer.bat","C:\\Users\\APPAN\\.katalon\\tools\\android_sdk\\build-tools\\split-select.exe\\apkanalyzer.bat","C:\\Users\\APPAN\\.katalon\\tools\\android_sdk\\build-tools\\x86_64-linux-android-ld.exe\\apkanalyzer.bat","C:\\Users\\APPAN\\.katalon\\tools\\android_sdk\\build-tools\\zipalign.exe\\apkanalyzer.bat"]. Do you have Android Build Tools installed at 'C:\Users\APPAN\.katalon\tools\android_sdk'?
[35m[ADB][39m Using 'aapt.exe' from 'C:\Users\APPAN\.katalon\tools\android_sdk\platform-tools\aapt.exe'
[35m[ADB][39m Extracting package and launch activity from manifest
[35m[ADB][39m Package name: 'com.hmh.api'
[35m[ADB][39m Main activity name: 'com.hmh.api.ApiDemos'
[35m[ADB][39m Cannot extract apk info using apkanalyzer. Falling back to aapt. Original error: Could not find 'apkanalyzer.bat' in ["C:\\Users\\APPAN\\.katalon\\tools\\android_sdk\\platform-tools\\apkanalyzer.bat","C:\\Users\\APPAN\\.katalon\\tools\\android_sdk\\emulator\\apkanalyzer.bat","C:\\Users\\APPAN\\.katalon\\tools\\android_sdk\\tools\\apkanalyzer.bat","C:\\Users\\APPAN\\.katalon\\tools\\android_sdk\\tools\\bin\\apkanalyzer.bat","C:\\Users\\APPAN\\.katalon\\tools\\android_sdk\\build-tools\\29.0.3\\apkanalyzer.bat","C:\\Users\\APPAN\\.katalon\\tools\\android_sdk\\build-tools\\aapt.exe\\apkanalyzer.bat","C:\\Users\\APPAN\\.katalon\\tools\\android_sdk\\build-tools\\aapt2.exe\\apkanalyzer.bat","C:\\Users\\APPAN\\.katalon\\tools\\android_sdk\\build-tools\\aarch64-linux-android-ld.exe\\apkanalyzer.bat","C:\\Users\\APPAN\\.katalon\\tools\\android_sdk\\build-tools\\aidl.exe\\apkanalyzer.bat","C:\\Users\\APPAN\\.katalon\\tools\\android_sdk\\build-tools\\apksigner.bat\\apkanalyzer.bat","C:\\Users\\APPAN\\.katalon\\tools\\android_sdk\\build-tools\\arm-linux-androideabi-ld.exe\\apkanalyzer.bat","C:\\Users\\APPAN\\.katalon\\tools\\android_sdk\\build-tools\\bcc_compat.exe\\apkanalyzer.bat","C:\\Users\\APPAN\\.katalon\\tools\\android_sdk\\build-tools\\core-lambda-stubs.jar\\apkanalyzer.bat","C:\\Users\\APPAN\\.katalon\\tools\\android_sdk\\build-tools\\d8.bat\\apkanalyzer.bat","C:\\Users\\APPAN\\.katalon\\tools\\android_sdk\\build-tools\\dexdump.exe\\apkanalyzer.bat","C:\\Users\\APPAN\\.katalon\\tools\\android_sdk\\build-tools\\dx.bat\\apkanalyzer.bat","C:\\Users\\APPAN\\.katalon\\tools\\android_sdk\\build-tools\\i686-linux-android-ld.exe\\apkanalyzer.bat","C:\\Users\\APPAN\\.katalon\\tools\\android_sdk\\build-tools\\lib\\apkanalyzer.bat","C:\\Users\\APPAN\\.katalon\\tools\\android_sdk\\build-tools\\lib64\\apkanalyzer.bat","C:\\Users\\APPAN\\.katalon\\tools\\android_sdk\\build-tools\\libaapt2_jni.dll\\apkanalyzer.bat","C:\\Users\\APPAN\\.katalon\\tools\\android_sdk\\build-tools\\libbcc.dll\\apkanalyzer.bat","C:\\Users\\APPAN\\.katalon\\tools\\android_sdk\\build-tools\\libbcinfo.dll\\apkanalyzer.bat","C:\\Users\\APPAN\\.katalon\\tools\\android_sdk\\build-tools\\libclang_android.dll\\apkanalyzer.bat","C:\\Users\\APPAN\\.katalon\\tools\\android_sdk\\build-tools\\libLLVM_android.dll\\apkanalyzer.bat","C:\\Users\\APPAN\\.katalon\\tools\\android_sdk\\build-tools\\libwinpthread-1.dll\\apkanalyzer.bat","C:\\Users\\APPAN\\.katalon\\tools\\android_sdk\\build-tools\\llvm-rs-cc.exe\\apkanalyzer.bat","C:\\Users\\APPAN\\.katalon\\tools\\android_sdk\\build-tools\\mainDexClasses\\apkanalyzer.bat","C:\\Users\\APPAN\\.katalon\\tools\\android_sdk\\build-tools\\mainDexClasses.bat\\apkanalyzer.bat","C:\\Users\\APPAN\\.katalon\\tools\\android_sdk\\build-tools\\mainDexClasses.rules\\apkanalyzer.bat","C:\\Users\\APPAN\\.katalon\\tools\\android_sdk\\build-tools\\mainDexClassesNoAapt.rules\\apkanalyzer.bat","C:\\Users\\APPAN\\.katalon\\tools\\android_sdk\\build-tools\\mipsel-linux-android-ld.exe\\apkanalyzer.bat","C:\\Users\\APPAN\\.katalon\\tools\\android_sdk\\build-tools\\NOTICE.txt\\apkanalyzer.bat","C:\\Users\\APPAN\\.katalon\\tools\\android_sdk\\build-tools\\renderscript\\apkanalyzer.bat","C:\\Users\\APPAN\\.katalon\\tools\\android_sdk\\build-tools\\runtime.properties\\apkanalyzer.bat","C:\\Users\\APPAN\\.katalon\\tools\\android_sdk\\build-tools\\source.properties\\apkanalyzer.bat","C:\\Users\\APPAN\\.katalon\\tools\\android_sdk\\build-tools\\split-select.exe\\apkanalyzer.bat","C:\\Users\\APPAN\\.katalon\\tools\\android_sdk\\build-tools\\x86_64-linux-android-ld.exe\\apkanalyzer.bat","C:\\Users\\APPAN\\.katalon\\tools\\android_sdk\\build-tools\\zipalign.exe\\apkanalyzer.bat"]. Do you have Android Build Tools installed at 'C:\Users\APPAN\.katalon\tools\android_sdk'?
[35m[ADB][39m Cannot extract apk info using apkanalyzer. Falling back to aapt. Original error: Could not find 'apkanalyzer.bat' in ["C:\\Users\\APPAN\\.katalon\\tools\\android_sdk\\platform-tools\\apkanalyzer.bat","C:\\Users\\APPAN\\.katalon\\tools\\android_sdk\\emulator\\apkanalyzer.bat","C:\\Users\\APPAN\\.katalon\\tools\\android_sdk\\tools\\apkanalyzer.bat","C:\\Users\\APPAN\\.katalon\\tools\\android_sdk\\tools\\bin\\apkanalyzer.bat","C:\\Users\\APPAN\\.katalon\\tools\\android_sdk\\build-tools\\29.0.3\\apkanalyzer.bat","C:\\Users\\APPAN\\.katalon\\tools\\android_sdk\\build-tools\\aapt.exe\\apkanalyzer.bat","C:\\Users\\APPAN\\.katalon\\tools\\android_sdk\\build-tools\\aapt2.exe\\apkanalyzer.bat","C:\\Users\\APPAN\\.katalon\\tools\\android_sdk\\build-tools\\aarch64-linux-android-ld.exe\\apkanalyzer.bat","C:\\Users\\APPAN\\.katalon\\tools\\android_sdk\\build-tools\\aidl.exe\\apkanalyzer.bat","C:\\Users\\APPAN\\.katalon\\tools\\android_sdk\\build-tools\\apksigner.bat\\apkanalyzer.bat","C:\\Users\\APPAN\\.katalon\\tools\\android_sdk\\build-tools\\arm-linux-androideabi-ld.exe\\apkanalyzer.bat","C:\\Users\\APPAN\\.katalon\\tools\\android_sdk\\build-tools\\bcc_compat.exe\\apkanalyzer.bat","C:\\Users\\APPAN\\.katalon\\tools\\android_sdk\\build-tools\\core-lambda-stubs.jar\\apkanalyzer.bat","C:\\Users\\APPAN\\.katalon\\tools\\android_sdk\\build-tools\\d8.bat\\apkanalyzer.bat","C:\\Users\\APPAN\\.katalon\\tools\\android_sdk\\build-tools\\dexdump.exe\\apkanalyzer.bat","C:\\Users\\APPAN\\.katalon\\tools\\android_sdk\\build-tools\\dx.bat\\apkanalyzer.bat","C:\\Users\\APPAN\\.katalon\\tools\\android_sdk\\build-tools\\i686-linux-android-ld.exe\\apkanalyzer.bat","C:\\Users\\APPAN\\.katalon\\tools\\android_sdk\\build-tools\\lib\\apkanalyzer.bat","C:\\Users\\APPAN\\.katalon\\tools\\android_sdk\\build-tools\\lib64\\apkanalyzer.bat","C:\\Users\\APPAN\\.katalon\\tools\\android_sdk\\build-tools\\libaapt2_jni.dll\\apkanalyzer.bat","C:\\Users\\APPAN\\.katalon\\tools\\android_sdk\\build-tools\\libbcc.dll\\apkanalyzer.bat","C:\\Users\\APPAN\\.katalon\\tools\\android_sdk\\build-tools\\libbcinfo.dll\\apkanalyzer.bat","C:\\Users\\APPAN\\.katalon\\tools\\android_sdk\\build-tools\\libclang_android.dll\\apkanalyzer.bat","C:\\Users\\APPAN\\.katalon\\tools\\android_sdk\\build-tools\\libLLVM_android.dll\\apkanalyzer.bat","C:\\Users\\APPAN\\.katalon\\tools\\android_sdk\\build-tools\\libwinpthread-1.dll\\apkanalyzer.bat","C:\\Users\\APPAN\\.katalon\\tools\\android_sdk\\build-tools\\llvm-rs-cc.exe\\apkanalyzer.bat","C:\\Users\\APPAN\\.katalon\\tools\\android_sdk\\build-tools\\mainDexClasses\\apkanalyzer.bat","C:\\Users\\APPAN\\.katalon\\tools\\android_sdk\\build-tools\\mainDexClasses.bat\\apkanalyzer.bat","C:\\Users\\APPAN\\.katalon\\tools\\android_sdk\\build-tools\\mainDexClasses.rules\\apkanalyzer.bat","C:\\Users\\APPAN\\.katalon\\tools\\android_sdk\\build-tools\\mainDexClassesNoAapt.rules\\apkanalyzer.bat","C:\\Users\\APPAN\\.katalon\\tools\\android_sdk\\build-tools\\mipsel-linux-android-ld.exe\\apkanalyzer.bat","C:\\Users\\APPAN\\.katalon\\tools\\android_sdk\\build-tools\\NOTICE.txt\\apkanalyzer.bat","C:\\Users\\APPAN\\.katalon\\tools\\android_sdk\\build-tools\\renderscript\\apkanalyzer.bat","C:\\Users\\APPAN\\.katalon\\tools\\android_sdk\\build-tools\\runtime.properties\\apkanalyzer.bat","C:\\Users\\APPAN\\.katalon\\tools\\android_sdk\\build-tools\\source.properties\\apkanalyzer.bat","C:\\Users\\APPAN\\.katalon\\tools\\android_sdk\\build-tools\\split-select.exe\\apkanalyzer.bat","C:\\Users\\APPAN\\.katalon\\tools\\android_sdk\\build-tools\\x86_64-linux-android-ld.exe\\apkanalyzer.bat","C:\\Users\\APPAN\\.katalon\\tools\\android_sdk\\build-tools\\zipalign.exe\\apkanalyzer.bat"]. Do you have Android Build Tools installed at 'C:\Users\APPAN\.katalon\tools\android_sdk'?
[35m[ADB][39m Cannot use apksigner tool for signature verification. Original error: Could not find 'apksigner.bat' in ["C:\\Users\\APPAN\\.katalon\\tools\\android_sdk\\platform-tools\\apksigner.bat","C:\\Users\\APPAN\\.katalon\\tools\\android_sdk\\emulator\\apksigner.bat","C:\\Users\\APPAN\\.katalon\\tools\\android_sdk\\tools\\apksigner.bat","C:\\Users\\APPAN\\.katalon\\tools\\android_sdk\\tools\\bin\\apksigner.bat","C:\\Users\\APPAN\\.katalon\\tools\\android_sdk\\build-tools\\29.0.3\\apksigner.bat","C:\\Users\\APPAN\\.katalon\\tools\\android_sdk\\build-tools\\aapt.exe\\apksigner.bat","C:\\Users\\APPAN\\.katalon\\tools\\android_sdk\\build-tools\\aapt2.exe\\apksigner.bat","C:\\Users\\APPAN\\.katalon\\tools\\android_sdk\\build-tools\\aarch64-linux-android-ld.exe\\apksigner.bat","C:\\Users\\APPAN\\.katalon\\tools\\android_sdk\\build-tools\\aidl.exe\\apksigner.bat","C:\\Users\\APPAN\\.katalon\\tools\\android_sdk\\build-tools\\apksigner.bat\\apksigner.bat","C:\\Users\\APPAN\\.katalon\\tools\\android_sdk\\build-tools\\arm-linux-androideabi-ld.exe\\apksigner.bat","C:\\Users\\APPAN\\.katalon\\tools\\android_sdk\\build-tools\\bcc_compat.exe\\apksigner.bat","C:\\Users\\APPAN\\.katalon\\tools\\android_sdk\\build-tools\\core-lambda-stubs.jar\\apksigner.bat","C:\\Users\\APPAN\\.katalon\\tools\\android_sdk\\build-tools\\d8.bat\\apksigner.bat","C:\\Users\\APPAN\\.katalon\\tools\\android_sdk\\build-tools\\dexdump.exe\\apksigner.bat","C:\\Users\\APPAN\\.katalon\\tools\\android_sdk\\build-tools\\dx.bat\\apksigner.bat","C:\\Users\\APPAN\\.katalon\\tools\\android_sdk\\build-tools\\i686-linux-android-ld.exe\\apksigner.bat","C:\\Users\\APPAN\\.katalon\\tools\\android_sdk\\build-tools\\lib\\apksigner.bat","C:\\Users\\APPAN\\.katalon\\tools\\android_sdk\\build-tools\\lib64\\apksigner.bat","C:\\Users\\APPAN\\.katalon\\tools\\android_sdk\\build-tools\\libaapt2_jni.dll\\apksigner.bat","C:\\Users\\APPAN\\.katalon\\tools\\android_sdk\\build-tools\\libbcc.dll\\apksigner.bat","C:\\Users\\APPAN\\.katalon\\tools\\android_sdk\\build-tools\\libbcinfo.dll\\apksigner.bat","C:\\Users\\APPAN\\.katalon\\tools\\android_sdk\\build-tools\\libclang_android.dll\\apksigner.bat","C:\\Users\\APPAN\\.katalon\\tools\\android_sdk\\build-tools\\libLLVM_android.dll\\apksigner.bat","C:\\Users\\APPAN\\.katalon\\tools\\android_sdk\\build-tools\\libwinpthread-1.dll\\apksigner.bat","C:\\Users\\APPAN\\.katalon\\tools\\android_sdk\\build-tools\\llvm-rs-cc.exe\\apksigner.bat","C:\\Users\\APPAN\\.katalon\\tools\\android_sdk\\build-tools\\mainDexClasses\\apksigner.bat","C:\\Users\\APPAN\\.katalon\\tools\\android_sdk\\build-tools\\mainDexClasses.bat\\apksigner.bat","C:\\Users\\APPAN\\.katalon\\tools\\android_sdk\\build-tools\\mainDexClasses.rules\\apksigner.bat","C:\\Users\\APPAN\\.katalon\\tools\\android_sdk\\build-tools\\mainDexClassesNoAapt.rules\\apksigner.bat","C:\\Users\\APPAN\\.katalon\\tools\\android_sdk\\build-tools\\mipsel-linux-android-ld.exe\\apksigner.bat","C:\\Users\\APPAN\\.katalon\\tools\\android_sdk\\build-tools\\NOTICE.txt\\apksigner.bat","C:\\Users\\APPAN\\.katalon\\tools\\android_sdk\\build-tools\\renderscript\\apksigner.bat","C:\\Users\\APPAN\\.katalon\\tools\\android_sdk\\build-tools\\runtime.properties\\apksigner.bat","C:\\Users\\APPAN\\.katalon\\tools\\android_sdk\\build-tools\\source.properties\\apksigner.bat","C:\\Users\\APPAN\\.katalon\\tools\\android_sdk\\build-tools\\split-select.exe\\apksigner.bat","C:\\Users\\APPAN\\.katalon\\tools\\android_sdk\\build-tools\\x86_64-linux-android-ld.exe\\apksigner.bat","C:\\Users\\APPAN\\.katalon\\tools\\android_sdk\\build-tools\\zipalign.exe\\apksigner.bat"]. Do you have Android Build Tools installed at 'C:\Users\APPAN\.katalon\tools\android_sdk'?
[35m[ADB][39m Cannot use apksigner tool for signature verification. Original error: Could not find 'apksigner.bat' in ["C:\\Users\\APPAN\\.katalon\\tools\\android_sdk\\platform-tools\\apksigner.bat","C:\\Users\\APPAN\\.katalon\\tools\\android_sdk\\emulator\\apksigner.bat","C:\\Users\\APPAN\\.katalon\\tools\\android_sdk\\tools\\apksigner.bat","C:\\Users\\APPAN\\.katalon\\tools\\android_sdk\\tools\\bin\\apksigner.bat","C:\\Users\\APPAN\\.katalon\\tools\\android_sdk\\build-tools\\29.0.3\\apksigner.bat","C:\\Users\\APPAN\\.katalon\\tools\\android_sdk\\build-tools\\aapt.exe\\apksigner.bat","C:\\Users\\APPAN\\.katalon\\tools\\android_sdk\\build-tools\\aapt2.exe\\apksigner.bat","C:\\Users\\APPAN\\.katalon\\tools\\android_sdk\\build-tools\\aarch64-linux-android-ld.exe\\apksigner.bat","C:\\Users\\APPAN\\.katalon\\tools\\android_sdk\\build-tools\\aidl.exe\\apksigner.bat","C:\\Users\\APPAN\\.katalon\\tools\\android_sdk\\build-tools\\apksigner.bat\\apksigner.bat","C:\\Users\\APPAN\\.katalon\\tools\\android_sdk\\build-tools\\arm-linux-androideabi-ld.exe\\apksigner.bat","C:\\Users\\APPAN\\.katalon\\tools\\android_sdk\\build-tools\\bcc_compat.exe\\apksigner.bat","C:\\Users\\APPAN\\.katalon\\tools\\android_sdk\\build-tools\\core-lambda-stubs.jar\\apksigner.bat","C:\\Users\\APPAN\\.katalon\\tools\\android_sdk\\build-tools\\d8.bat\\apksigner.bat","C:\\Users\\APPAN\\.katalon\\tools\\android_sdk\\build-tools\\dexdump.exe\\apksigner.bat","C:\\Users\\APPAN\\.katalon\\tools\\android_sdk\\build-tools\\dx.bat\\apksigner.bat","C:\\Users\\APPAN\\.katalon\\tools\\android_sdk\\build-tools\\i686-linux-android-ld.exe\\apksigner.bat","C:\\Users\\APPAN\\.katalon\\tools\\android_sdk\\build-tools\\lib\\apksigner.bat","C:\\Users\\APPAN\\.katalon\\tools\\android_sdk\\build-tools\\lib64\\apksigner.bat","C:\\Users\\APPAN\\.katalon\\tools\\android_sdk\\build-tools\\libaapt2_jni.dll\\apksigner.bat","C:\\Users\\APPAN\\.katalon\\tools\\android_sdk\\build-tools\\libbcc.dll\\apksigner.bat","C:\\Users\\APPAN\\.katalon\\tools\\android_sdk\\build-tools\\libbcinfo.dll\\apksigner.bat","C:\\Users\\APPAN\\.katalon\\tools\\android_sdk\\build-tools\\libclang_android.dll\\apksigner.bat","C:\\Users\\APPAN\\.katalon\\tools\\android_sdk\\build-tools\\libLLVM_android.dll\\apksigner.bat","C:\\Users\\APPAN\\.katalon\\tools\\android_sdk\\build-tools\\libwinpthread-1.dll\\apksigner.bat","C:\\Users\\APPAN\\.katalon\\tools\\android_sdk\\build-tools\\llvm-rs-cc.exe\\apksigner.bat","C:\\Users\\APPAN\\.katalon\\tools\\android_sdk\\build-tools\\mainDexClasses\\apksigner.bat","C:\\Users\\APPAN\\.katalon\\tools\\android_sdk\\build-tools\\mainDexClasses.bat\\apksigner.bat","C:\\Users\\APPAN\\.katalon\\tools\\android_sdk\\build-tools\\mainDexClasses.rules\\apksigner.bat","C:\\Users\\APPAN\\.katalon\\tools\\android_sdk\\build-tools\\mainDexClassesNoAapt.rules\\apksigner.bat","C:\\Users\\APPAN\\.katalon\\tools\\android_sdk\\build-tools\\mipsel-linux-android-ld.exe\\apksigner.bat","C:\\Users\\APPAN\\.katalon\\tools\\android_sdk\\build-tools\\NOTICE.txt\\apksigner.bat","C:\\Users\\APPAN\\.katalon\\tools\\android_sdk\\build-tools\\renderscript\\apksigner.bat","C:\\Users\\APPAN\\.katalon\\tools\\android_sdk\\build-tools\\runtime.properties\\apksigner.bat","C:\\Users\\APPAN\\.katalon\\tools\\android_sdk\\build-tools\\source.properties\\apksigner.bat","C:\\Users\\APPAN\\.katalon\\tools\\android_sdk\\build-tools\\split-select.exe\\apksigner.bat","C:\\Users\\APPAN\\.katalon\\tools\\android_sdk\\build-tools\\x86_64-linux-android-ld.exe\\apksigner.bat","C:\\Users\\APPAN\\.katalon\\tools\\android_sdk\\build-tools\\zipalign.exe\\apksigner.bat"]. Do you have Android Build Tools installed at 'C:\Users\APPAN\.katalon\tools\android_sdk'?
[35m[UiAutomator2][39m Server packages are not going to be (re)installed
[35m[ADB][39m Cannot use apksigner tool for signature verification. Original error: Could not find 'apksigner.bat' in ["C:\\Users\\APPAN\\.katalon\\tools\\android_sdk\\platform-tools\\apksigner.bat","C:\\Users\\APPAN\\.katalon\\tools\\android_sdk\\emulator\\apksigner.bat","C:\\Users\\APPAN\\.katalon\\tools\\android_sdk\\tools\\apksigner.bat","C:\\Users\\APPAN\\.katalon\\tools\\android_sdk\\tools\\bin\\apksigner.bat","C:\\Users\\APPAN\\.katalon\\tools\\android_sdk\\build-tools\\29.0.3\\apksigner.bat","C:\\Users\\APPAN\\.katalon\\tools\\android_sdk\\build-tools\\aapt.exe\\apksigner.bat","C:\\Users\\APPAN\\.katalon\\tools\\android_sdk\\build-tools\\aapt2.exe\\apksigner.bat","C:\\Users\\APPAN\\.katalon\\tools\\android_sdk\\build-tools\\aarch64-linux-android-ld.exe\\apksigner.bat","C:\\Users\\APPAN\\.katalon\\tools\\android_sdk\\build-tools\\aidl.exe\\apksigner.bat","C:\\Users\\APPAN\\.katalon\\tools\\android_sdk\\build-tools\\apksigner.bat\\apksigner.bat","C:\\Users\\APPAN\\.katalon\\tools\\android_sdk\\build-tools\\arm-linux-androideabi-ld.exe\\apksigner.bat","C:\\Users\\APPAN\\.katalon\\tools\\android_sdk\\build-tools\\bcc_compat.exe\\apksigner.bat","C:\\Users\\APPAN\\.katalon\\tools\\android_sdk\\build-tools\\core-lambda-stubs.jar\\apksigner.bat","C:\\Users\\APPAN\\.katalon\\tools\\android_sdk\\build-tools\\d8.bat\\apksigner.bat","C:\\Users\\APPAN\\.katalon\\tools\\android_sdk\\build-tools\\dexdump.exe\\apksigner.bat","C:\\Users\\APPAN\\.katalon\\tools\\android_sdk\\build-tools\\dx.bat\\apksigner.bat","C:\\Users\\APPAN\\.katalon\\tools\\android_sdk\\build-tools\\i686-linux-android-ld.exe\\apksigner.bat","C:\\Users\\APPAN\\.katalon\\tools\\android_sdk\\build-tools\\lib\\apksigner.bat","C:\\Users\\APPAN\\.katalon\\tools\\android_sdk\\build-tools\\lib64\\apksigner.bat","C:\\Users\\APPAN\\.katalon\\tools\\android_sdk\\build-tools\\libaapt2_jni.dll\\apksigner.bat","C:\\Users\\APPAN\\.katalon\\tools\\android_sdk\\build-tools\\libbcc.dll\\apksigner.bat","C:\\Users\\APPAN\\.katalon\\tools\\android_sdk\\build-tools\\libbcinfo.dll\\apksigner.bat","C:\\Users\\APPAN\\.katalon\\tools\\android_sdk\\build-tools\\libclang_android.dll\\apksigner.bat","C:\\Users\\APPAN\\.katalon\\tools\\android_sdk\\build-tools\\libLLVM_android.dll\\apksigner.bat","C:\\Users\\APPAN\\.katalon\\tools\\android_sdk\\build-tools\\libwinpthread-1.dll\\apksigner.bat","C:\\Users\\APPAN\\.katalon\\tools\\android_sdk\\build-tools\\llvm-rs-cc.exe\\apksigner.bat","C:\\Users\\APPAN\\.katalon\\tools\\android_sdk\\build-tools\\mainDexClasses\\apksigner.bat","C:\\Users\\APPAN\\.katalon\\tools\\android_sdk\\build-tools\\mainDexClasses.bat\\apksigner.bat","C:\\Users\\APPAN\\.katalon\\tools\\android_sdk\\build-tools\\mainDexClasses.rules\\apksigner.bat","C:\\Users\\APPAN\\.katalon\\tools\\android_sdk\\build-tools\\mainDexClassesNoAapt.rules\\apksigner.bat","C:\\Users\\APPAN\\.katalon\\tools\\android_sdk\\build-tools\\mipsel-linux-android-ld.exe\\apksigner.bat","C:\\Users\\APPAN\\.katalon\\tools\\android_sdk\\build-tools\\NOTICE.txt\\apksigner.bat","C:\\Users\\APPAN\\.katalon\\tools\\android_sdk\\build-tools\\renderscript\\apksigner.bat","C:\\Users\\APPAN\\.katalon\\tools\\android_sdk\\build-tools\\runtime.properties\\apksigner.bat","C:\\Users\\APPAN\\.katalon\\tools\\android_sdk\\build-tools\\source.properties\\apksigner.bat","C:\\Users\\APPAN\\.katalon\\tools\\android_sdk\\build-tools\\split-select.exe\\apksigner.bat","C:\\Users\\APPAN\\.katalon\\tools\\android_sdk\\build-tools\\x86_64-linux-android-ld.exe\\apksigner.bat","C:\\Users\\APPAN\\.katalon\\tools\\android_sdk\\build-tools\\zipalign.exe\\apksigner.bat"]. Do you have Android Build Tools installed at 'C:\Users\APPAN\.katalon\tools\android_sdk'?
[35m[ADB][39m Cannot extract apk info using apkanalyzer. Falling back to aapt. Original error: Could not find 'apkanalyzer.bat' in ["C:\\Users\\APPAN\\.katalon\\tools\\android_sdk\\platform-tools\\apkanalyzer.bat","C:\\Users\\APPAN\\.katalon\\tools\\android_sdk\\emulator\\apkanalyzer.bat","C:\\Users\\APPAN\\.katalon\\tools\\android_sdk\\tools\\apkanalyzer.bat","C:\\Users\\APPAN\\.katalon\\tools\\android_sdk\\tools\\bin\\apkanalyzer.bat","C:\\Users\\APPAN\\.katalon\\tools\\android_sdk\\build-tools\\29.0.3\\apkanalyzer.bat","C:\\Users\\APPAN\\.katalon\\tools\\android_sdk\\build-tools\\aapt.exe\\apkanalyzer.bat","C:\\Users\\APPAN\\.katalon\\tools\\android_sdk\\build-tools\\aapt2.exe\\apkanalyzer.bat","C:\\Users\\APPAN\\.katalon\\tools\\android_sdk\\build-tools\\aarch64-linux-android-ld.exe\\apkanalyzer.bat","C:\\Users\\APPAN\\.katalon\\tools\\android_sdk\\build-tools\\aidl.exe\\apkanalyzer.bat","C:\\Users\\APPAN\\.katalon\\tools\\android_sdk\\build-tools\\apksigner.bat\\apkanalyzer.bat","C:\\Users\\APPAN\\.katalon\\tools\\android_sdk\\build-tools\\arm-linux-androideabi-ld.exe\\apkanalyzer.bat","C:\\Users\\APPAN\\.katalon\\tools\\android_sdk\\build-tools\\bcc_compat.exe\\apkanalyzer.bat","C:\\Users\\APPAN\\.katalon\\tools\\android_sdk\\build-tools\\core-lambda-stubs.jar\\apkanalyzer.bat","C:\\Users\\APPAN\\.katalon\\tools\\android_sdk\\build-tools\\d8.bat\\apkanalyzer.bat","C:\\Users\\APPAN\\.katalon\\tools\\android_sdk\\build-tools\\dexdump.exe\\apkanalyzer.bat","C:\\Users\\APPAN\\.katalon\\tools\\android_sdk\\build-tools\\dx.bat\\apkanalyzer.bat","C:\\Users\\APPAN\\.katalon\\tools\\android_sdk\\build-tools\\i686-linux-android-ld.exe\\apkanalyzer.bat","C:\\Users\\APPAN\\.katalon\\tools\\android_sdk\\build-tools\\lib\\apkanalyzer.bat","C:\\Users\\APPAN\\.katalon\\tools\\android_sdk\\build-tools\\lib64\\apkanalyzer.bat","C:\\Users\\APPAN\\.katalon\\tools\\android_sdk\\build-tools\\libaapt2_jni.dll\\apkanalyzer.bat","C:\\Users\\APPAN\\.katalon\\tools\\android_sdk\\build-tools\\libbcc.dll\\apkanalyzer.bat","C:\\Users\\APPAN\\.katalon\\tools\\android_sdk\\build-tools\\libbcinfo.dll\\apkanalyzer.bat","C:\\Users\\APPAN\\.katalon\\tools\\android_sdk\\build-tools\\libclang_android.dll\\apkanalyzer.bat","C:\\Users\\APPAN\\.katalon\\tools\\android_sdk\\build-tools\\libLLVM_android.dll\\apkanalyzer.bat","C:\\Users\\APPAN\\.katalon\\tools\\android_sdk\\build-tools\\libwinpthread-1.dll\\apkanalyzer.bat","C:\\Users\\APPAN\\.katalon\\tools\\android_sdk\\build-tools\\llvm-rs-cc.exe\\apkanalyzer.bat","C:\\Users\\APPAN\\.katalon\\tools\\android_sdk\\build-tools\\mainDexClasses\\apkanalyzer.bat","C:\\Users\\APPAN\\.katalon\\tools\\android_sdk\\build-tools\\mainDexClasses.bat\\apkanalyzer.bat","C:\\Users\\APPAN\\.katalon\\tools\\android_sdk\\build-tools\\mainDexClasses.rules\\apkanalyzer.bat","C:\\Users\\APPAN\\.katalon\\tools\\android_sdk\\build-tools\\mainDexClassesNoAapt.rules\\apkanalyzer.bat","C:\\Users\\APPAN\\.katalon\\tools\\android_sdk\\build-tools\\mipsel-linux-android-ld.exe\\apkanalyzer.bat","C:\\Users\\APPAN\\.katalon\\tools\\android_sdk\\build-tools\\NOTICE.txt\\apkanalyzer.bat","C:\\Users\\APPAN\\.katalon\\tools\\android_sdk\\build-tools\\renderscript\\apkanalyzer.bat","C:\\Users\\APPAN\\.katalon\\tools\\android_sdk\\build-tools\\runtime.properties\\apkanalyzer.bat","C:\\Users\\APPAN\\.katalon\\tools\\android_sdk\\build-tools\\source.properties\\apkanalyzer.bat","C:\\Users\\APPAN\\.katalon\\tools\\android_sdk\\build-tools\\split-select.exe\\apkanalyzer.bat","C:\\Users\\APPAN\\.katalon\\tools\\android_sdk\\build-tools\\x86_64-linux-android-ld.exe\\apkanalyzer.bat","C:\\Users\\APPAN\\.katalon\\tools\\android_sdk\\build-tools\\zipalign.exe\\apkanalyzer.bat"]. Do you have Android Build Tools installed at 'C:\Users\APPAN\.katalon\tools\android_sdk'?
[35m[UiAutomator2][39m Starting UIAutomator2 server 4.3.0
[35m[UiAutomator2][39m Using UIAutomator2 server from 'C:\Users\APPAN\AppData\Roaming\npm\node_modules\appium\node_modules\appium-uiautomator2-server\apks\appium-uiautomator2-server-v4.3.0.apk' and test from 'C:\Users\APPAN\AppData\Roaming\npm\node_modules\appium\node_modules\appium-uiautomator2-server\apks\appium-uiautomator2-server-debug-androidTest.apk'
[35m[UiAutomator2][39m Waiting up to 30000ms for UiAutomator2 to be online...
[35m[WD Proxy][39m Got an unexpected response with status undefined: {"code":"ECONNRESET"}
[35m[WD Proxy][39m Got an unexpected response with status undefined: {"code":"ECONNRESET"}
[35m[WD Proxy][39m Got an unexpected response with status undefined: {"code":"ECONNRESET"}
[35m[WD Proxy][39m Determined the downstream protocol as 'W3C'
[35m[AndroidDriver][39m Screen already unlocked, doing nothing
[35m[UiAutomator2][39m Starting 'com.hmh.api/com.hmh.api.ApiDemos and waiting for 'com.hmh.api/com.hmh.api.ApiDemos'
[35m[Appium][39m New AndroidUiautomator2Driver session created successfully, session c9e4d585-3584-42d0-a05c-3dc9c687a963 added to master session list
[35m[HTTP][39m [37m<-- POST /wd/hub/session [39m[32m200[39m [90m24015 ms - 1332[39m
[35m[HTTP][39m [90m[39m
[35m[HTTP][39m [37m-->[39m [37mGET[39m [37m/wd/hub/session/c9e4d585-3584-42d0-a05c-3dc9c687a963[39m
[35m[HTTP][39m [90m{}[39m
[35m[HTTP][39m [37m<-- GET /wd/hub/session/c9e4d585-3584-42d0-a05c-3dc9c687a963 [39m[32m200[39m [90m216 ms - 1264[39m
[35m[HTTP][39m [90m[39m
[35m[HTTP][39m [37m-->[39m [37mGET[39m [37m/wd/hub/session/c9e4d585-3584-42d0-a05c-3dc9c687a963[39m
[35m[HTTP][39m [90m{}[39m
[35m[HTTP][39m [37m<-- GET /wd/hub/session/c9e4d585-3584-42d0-a05c-3dc9c687a963 [39m[32m200[39m [90m42 ms - 1264[39m
[35m[HTTP][39m [90m[39m
[35m[HTTP][39m [37m-->[39m [37mGET[39m [37m/wd/hub/status[39m
[35m[HTTP][39m [90m{}[39m
[35m[HTTP][39m [37m<-- GET /wd/hub/status [39m[32m200[39m [90m4 ms - 68[39m
[35m[HTTP][39m [90m[39m
[35m[HTTP][39m [37m-->[39m [37mPOST[39m [37m/wd/hub/session/c9e4d585-3584-42d0-a05c-3dc9c687a963/timeouts[39m
[35m[HTTP][39m [90m{"implicit":60000}[39m
[35m[HTTP][39m [37m<-- POST /wd/hub/session/c9e4d585-3584-42d0-a05c-3dc9c687a963/timeouts [39m[32m200[39m [90m21 ms - 14[39m
[35m[HTTP][39m [90m[39m
[35m[HTTP][39m [37m-->[39m [37mGET[39m [37m/wd/hub/session/c9e4d585-3584-42d0-a05c-3dc9c687a963/source[39m
[35m[HTTP][39m [90m{}[39m
[35m[W3C (c9e4d585)][39m Driver proxy active, passing request on via HTTP proxy
[35m[WD Proxy][39m Replacing sessionId cc83a064-bc73-4d69-a4c2-0dc292e61773 with c9e4d585-3584-42d0-a05c-3dc9c687a963
[35m[HTTP][39m [37m<-- GET /wd/hub/session/c9e4d585-3584-42d0-a05c-3dc9c687a963/source [39m[32m200[39m [90m209 ms - 7627[39m
[35m[HTTP][39m [90m[39m
[35m[HTTP][39m [37m-->[39m [37mGET[39m [37m/wd/hub/session/c9e4d585-3584-42d0-a05c-3dc9c687a963/screenshot[39m
[35m[HTTP][39m [90m{}[39m
[35m[HTTP][39m [37m<-- GET /wd/hub/session/c9e4d585-3584-42d0-a05c-3dc9c687a963/screenshot [39m[32m200[39m [90m720 ms - 67188[39m
[35m[HTTP][39m [90m[39m
[35m[HTTP][39m [37m-->[39m [37mGET[39m [37m/wd/hub/session/c9e4d585-3584-42d0-a05c-3dc9c687a963/window/rect[39m
[35m[HTTP][39m [90m{}[39m
[35m[HTTP][39m [37m<-- GET /wd/hub/session/c9e4d585-3584-42d0-a05c-3dc9c687a963/window/rect [39m[32m200[39m [90m116 ms - 49[39m
[35m[HTTP][39m [90m[39m
[35m[HTTP][39m [37m-->[39m [37mPOST[39m [37m/wd/hub/session/c9e4d585-3584-42d0-a05c-3dc9c687a963/elements[39m
[35m[HTTP][39m [90m{"using":"xpath","value":"//hierarchy/android.widget.FrameLayout[1]/android.view.ViewGroup[1]/android.widget.FrameLayout[2]/android.widget.ListView[1]/android.widget.TextView[1]"}[39m
[35m[HTTP][39m [37m<-- POST /wd/hub/session/c9e4d585-3584-42d0-a05c-3dc9c687a963/elements [39m[32m200[39m [90m803 ms - 139[39m
[35m[HTTP][39m [90m[39m
[35m[HTTP][39m [37m-->[39m [37mGET[39m [37m/wd/hub/session/c9e4d585-3584-42d0-a05c-3dc9c687a963/element/4b51a883-fdd7-451b-8dd4-cec759f98e16/location[39m
[35m[HTTP][39m [90m{}[39m
[35m[W3C (c9e4d585)][39m Driver proxy active, passing request on via HTTP proxy
[35m[WD Proxy][39m Replacing sessionId cc83a064-bc73-4d69-a4c2-0dc292e61773 with c9e4d585-3584-42d0-a05c-3dc9c687a963
[35m[HTTP][39m [37m<-- GET /wd/hub/session/c9e4d585-3584-42d0-a05c-3dc9c687a963/element/4b51a883-fdd7-451b-8dd4-cec759f98e16/location [39m[32m200[39m [90m43 ms - 76[39m
[35m[HTTP][39m [90m[39m
[35m[HTTP][39m [37m-->[39m [37mPOST[39m [37m/wd/hub/session/c9e4d585-3584-42d0-a05c-3dc9c687a963/touch/perform[39m
[35m[HTTP][39m [90m{"actions":[{"action":"tap","options":{"x":1,"y":1,"element":"4b51a883-fdd7-451b-8dd4-cec759f98e16"}}]}[39m
[35m[UiAutomator2][39m calling get location: 4b51a883-fdd7-451b-8dd4-cec759f98e16
[35m[HTTP][39m [37m<-- POST /wd/hub/session/c9e4d585-3584-42d0-a05c-3dc9c687a963/touch/perform [39m[32m200[39m [90m1784 ms - 14[39m
[35m[HTTP][39m [90m[39m
[35m[HTTP][39m [37m-->[39m [37mGET[39m [37m/wd/hub/session/c9e4d585-3584-42d0-a05c-3dc9c687a963/source[39m
[35m[HTTP][39m [90m{}[39m
[35m[W3C (c9e4d585)][39m Driver proxy active, passing request on via HTTP proxy
[35m[WD Proxy][39m Replacing sessionId cc83a064-bc73-4d69-a4c2-0dc292e61773 with c9e4d585-3584-42d0-a05c-3dc9c687a963
[35m[HTTP][39m [37m<-- GET /wd/hub/session/c9e4d585-3584-42d0-a05c-3dc9c687a963/source [39m[32m200[39m [90m458 ms - 4027[39m
[35m[HTTP][39m [90m[39m
[35m[HTTP][39m [37m-->[39m [37mGET[39m [37m/wd/hub/session/c9e4d585-3584-42d0-a05c-3dc9c687a963/screenshot[39m
[35m[HTTP][39m [90m{}[39m
[35m[HTTP][39m [37m<-- GET /wd/hub/session/c9e4d585-3584-42d0-a05c-3dc9c687a963/screenshot [39m[32m200[39m [90m772 ms - 47736[39m
[35m[HTTP][39m [90m[39m
[35m[HTTP][39m [37m-->[39m [37mGET[39m [37m/wd/hub/session/c9e4d585-3584-42d0-a05c-3dc9c687a963/context[39m
[35m[HTTP][39m [90m{}[39m
[35m[HTTP][39m [37m<-- GET /wd/hub/session/c9e4d585-3584-42d0-a05c-3dc9c687a963/context [39m[32m200[39m [90m13 ms - 22[39m
[35m[HTTP][39m [90m[39m
[35m[HTTP][39m [37m-->[39m [37mGET[39m [37m/wd/hub/session/c9e4d585-3584-42d0-a05c-3dc9c687a963/contexts[39m
[35m[HTTP][39m [90m{}[39m
[35m[AndroidDriver][39m Not checking whether webviews have active pages; use the 'ensureWebviewsHavePages' cap to turn this check on
[35m[HTTP][39m [37m<-- GET /wd/hub/session/c9e4d585-3584-42d0-a05c-3dc9c687a963/contexts [39m[32m200[39m [90m302 ms - 24[39m
[35m[HTTP][39m [90m[39m
[35m[HTTP][39m [37m-->[39m [37mPOST[39m [37m/wd/hub/session/c9e4d585-3584-42d0-a05c-3dc9c687a963/context[39m
[35m[HTTP][39m [90m{"name":"NATIVE_APP"}[39m
[35m[HTTP][39m [37m<-- POST /wd/hub/session/c9e4d585-3584-42d0-a05c-3dc9c687a963/context [39m[32m200[39m [90m9 ms - 14[39m
[35m[HTTP][39m [90m[39m
[35m[HTTP][39m [37m-->[39m [37mPOST[39m [37m/wd/hub/session/c9e4d585-3584-42d0-a05c-3dc9c687a963/appium/device/press_keycode[39m
[35m[HTTP][39m [90m{"keycode":4}[39m
[35m[HTTP][39m [37m<-- POST /wd/hub/session/c9e4d585-3584-42d0-a05c-3dc9c687a963/appium/device/press_keycode [39m[32m200[39m [90m188 ms - 14[39m
[35m[HTTP][39m [90m[39m
[35m[HTTP][39m [37m-->[39m [37mPOST[39m [37m/wd/hub/session/c9e4d585-3584-42d0-a05c-3dc9c687a963/context[39m
[35m[HTTP][39m [90m{"name":"NATIVE_APP"}[39m
[35m[HTTP][39m [37m<-- POST /wd/hub/session/c9e4d585-3584-42d0-a05c-3dc9c687a963/context [39m[32m200[39m [90m8 ms - 14[39m
[35m[HTTP][39m [90m[39m
[35m[HTTP][39m [37m-->[39m [37mGET[39m [37m/wd/hub/session/c9e4d585-3584-42d0-a05c-3dc9c687a963/source[39m
[35m[HTTP][39m [90m{}[39m
[35m[W3C (c9e4d585)][39m Driver proxy active, passing request on via HTTP proxy
[35m[WD Proxy][39m Replacing sessionId cc83a064-bc73-4d69-a4c2-0dc292e61773 with c9e4d585-3584-42d0-a05c-3dc9c687a963
[35m[HTTP][39m [37m<-- GET /wd/hub/session/c9e4d585-3584-42d0-a05c-3dc9c687a963/source [39m[32m200[39m [90m558 ms - 7627[39m
[35m[HTTP][39m [90m[39m
[35m[HTTP][39m [37m-->[39m [37mGET[39m [37m/wd/hub/session/c9e4d585-3584-42d0-a05c-3dc9c687a963/screenshot[39m
[35m[HTTP][39m [90m{}[39m
[35m[HTTP][39m [37m<-- GET /wd/hub/session/c9e4d585-3584-42d0-a05c-3dc9c687a963/screenshot [39m[32m200[39m [90m818 ms - 66084[39m
[35m[HTTP][39m [90m[39m
[35m[HTTP][39m [37m-->[39m [37mDELETE[39m [37m/wd/hub/session/c9e4d585-3584-42d0-a05c-3dc9c687a963[39m
[35m[HTTP][39m [90m{}[39m
[35m[Appium][39m Removing session c9e4d585-3584-42d0-a05c-3dc9c687a963 from our master session list
[35m[HTTP][39m [37m<-- DELETE /wd/hub/session/c9e4d585-3584-42d0-a05c-3dc9c687a963 [39m[32m200[39m [90m2232 ms - 14[39m
[35m[HTTP][39m [90m[39m
